
Showing logs for build [32mcb-kubecd-environment-pr-541-3-zd9f5-1[0m stage [32mfrom-build-pack[0m and container [32mstep-credential-initializer-sv75q[0m
{"level":"info","ts":1591029336.5757542,"logger":"fallback-logger","caller":"logging/config.go:69","msg":"Fetch GitHub commit ID from kodata failed: open /var/run/ko/refs/heads/0.8.0-ns-support: no such file or directory"}
{"level":"info","ts":1591029336.5781775,"logger":"fallback-logger","caller":"creds-init/main.go:40","msg":"Credentials initialized."}

Showing logs for build [32mcb-kubecd-environment-pr-541-3-zd9f5-1[0m stage [32mfrom-build-pack[0m and container [32mstep-working-dir-initializer-v2z7d[0m
{"level":"info","ts":1591029337.6166723,"logger":"fallback-logger","caller":"logging/config.go:69","msg":"Fetch GitHub commit ID from kodata failed: open /var/run/ko/HEAD: no such file or directory"}
{"level":"info","ts":1591029337.6187208,"logger":"fallback-logger","caller":"bash/main.go:64","msg":"Successfully executed command \"sh -c mkdir -p /workspace/source\"; output "}

Showing logs for build [32mcb-kubecd-environment-pr-541-3-zd9f5-1[0m stage [32mfrom-build-pack[0m and container [32mstep-place-tools[0m

Showing logs for build [32mcb-kubecd-environment-pr-541-3-zd9f5-1[0m stage [32mfrom-build-pack[0m and container [32mstep-git-source-cb-kubecd-environment-pr-541-3-zd9f5-k8dfp[0m
{"level":"info","ts":1591029343.8081012,"logger":"fallback-logger","caller":"logging/config.go:69","msg":"Fetch GitHub commit ID from kodata failed: open /var/run/ko/refs/heads/0.8.0-ns-support: no such file or directory"}
{"level":"info","ts":1591029344.8936965,"logger":"fallback-logger","caller":"git/git.go:103","msg":"Successfully cloned https://github.com/cb-kubecd/environment-pr-541-3-bdd-frontend-staging.git @ master in path /workspace/source"}

Showing logs for build [32mcb-kubecd-environment-pr-541-3-zd9f5-1[0m stage [32mfrom-build-pack[0m and container [32mstep-git-merge[0m
Using SHAs from PULL_REFS=master:e32748b501ee20daa514e9ee0c1b7ad4c768186b,1:0f16b3526f0e1ebfb1ecf7c49ab94286c7eb1239
DEBUG: LC_ALL=C JX_LOG_LEVEL=error git fetch origin --unshallow 0f16b3526f0e1ebfb1ecf7c49ab94286c7eb1239: e32748b501ee20daa514e9ee0c1b7ad4c768186b:
DEBUG: ran git fetch --unshallow origin 0f16b3526f0e1ebfb1ecf7c49ab94286c7eb1239: e32748b501ee20daa514e9ee0c1b7ad4c768186b: in 
DEBUG: LC_ALL=C JX_LOG_LEVEL=error git branch
DEBUG: LC_ALL=C JX_LOG_LEVEL=error git checkout master
DEBUG: ran git checkout master in 
DEBUG: JX_LOG_LEVEL=error LC_ALL=C git reset --hard e32748b501ee20daa514e9ee0c1b7ad4c768186b
DEBUG: ran git reset --hard e32748b501ee20daa514e9ee0c1b7ad4c768186b in 
DEBUG: LC_ALL=C JX_LOG_LEVEL=error git clean -fd .
DEBUG: ran clean --force -d . in 
DEBUG: JX_LOG_LEVEL=error LC_ALL=C git merge 0f16b3526f0e1ebfb1ecf7c49ab94286c7eb1239
DEBUG: ran git merge 0f16b3526f0e1ebfb1ecf7c49ab94286c7eb1239 in 
DEBUG: LC_ALL=C JX_LOG_LEVEL=error git log --format=%H%x1f%an%x1f%ae%x1f%cn%x1f%ce%x1f%s%n%b%x1e e32748b501ee20daa514e9ee0c1b7ad4c768186b..HEAD
Merged SHA 0f16b3526f0e1ebfb1ecf7c49ab94286c7eb1239 with commit message 'chore: Promote bdd-nh-1591028316 to version 0.0.1' into base branch master

Showing logs for build [32mcb-kubecd-environment-pr-541-3-zd9f5-1[0m stage [32mfrom-build-pack[0m and container [32mstep-build-helm-build[0m
WARNING: No $CHART_REPOSITORY defined so using the default value of: http://jenkins-x-chartmuseum:8080
Adding missing Helm repo: storage.googleapis.com https://storage.googleapis.com/chartmuseum.jenkins-x.io
WARNING: No secrets found on "helm/repos" due: reading the secret "helm/repos" from vault: no secret "helm/repos" not found in vault
Read credentials for https://storage.googleapis.com/chartmuseum.jenkins-x.io from vault helm/repos
Successfully added Helm repository storage.googleapis.com.
Adding missing Helm repo: jenkins-x-chartmuseum http://jenkins-x-chartmuseum:8080
WARNING: No secrets found on "helm/repos" due: reading the secret "helm/repos" from vault: no secret "helm/repos" not found in vault
Read credentials for http://jenkins-x-chartmuseum:8080 from vault helm/repos
Successfully added Helm repository jenkins-x-chartmuseum.
WARNING: No $CHART_REPOSITORY defined so using the default value of: http://jenkins-x-chartmuseum:8080
Adding missing Helm repo: chartmuseum.jenkins-x.io http://chartmuseum.jenkins-x.io
WARNING: No secrets found on "helm/repos" due: reading the secret "helm/repos" from vault: no secret "helm/repos" not found in vault
Read credentials for http://chartmuseum.jenkins-x.io from vault helm/repos
Successfully added Helm repository chartmuseum.jenkins-x.io.
